<?xml version="1.0" encoding="UTF-8" ?>
<testsuite failures="0" time="2.115" errors="0" skipped="0" tests="3" name="com.josue.liqui.liquibase.ejb.PersonTest">
  <properties>
[...]
</properties>
  <testcase time="1.776" classname="com.josue.liqui.liquibase.ejb.PersonTest" name="testTransaction"/>
  <testcase time="0.12" classname="com.josue.liqui.liquibase.ejb.PersonTest" name="testTransactionFail"/>
  <testcase time="0.116" classname="com.josue.liqui.liquibase.ejb.PersonTest" name="testSimple"/>
</testsuite>